<?xml version="1.0" encoding="UTF-8"?>
<!-- Generated by org.testng.reporters.JUnitXMLReporter -->
<testsuite ignored="0" hostname="DESKTOP-PT84KK4" failures="0" tests="5" name="Test" time="182.227" errors="0" timestamp="2022-12-09T12:28:00 IST">
  <testcase classname="Test_Scripts.Test_Script_1_Test" name="testacript" time="38.151"/>
  <testcase classname="Test_Scripts.Test_Script_3_Test" name="testacript" time="23.804"/>
  <testcase classname="Test_Scripts.Test_Script_4_Test" name="testacript" time="30.512"/>
  <testcase classname="Test_Scripts.Test_Script_5_Test" name="testacript" time="62.679"/>
  <testcase classname="Test_Scripts.Test_Script_2_Test" name="testacript" time="26.987"/>
</testsuite> <!-- Test -->
