<?xml version="1.0" encoding="UTF-8"?>
<!-- Generated by org.testng.reporters.JUnitXMLReporter -->
<testsuite ignored="0" hostname="DESKTOP-PT84KK4" failures="0" tests="5" name="Test" time="111.911" errors="0" timestamp="2022-12-07T15:59:50 IST">
  <testcase classname="Test_Scripts.Test_Script_1_Test" name="testacript" time="20.91"/>
  <testcase classname="Test_Scripts.Test_Script_3_Test" name="testacript" time="11.041"/>
  <testcase classname="Test_Scripts.Test_Script_4_Test" name="testacript" time="29.813"/>
  <testcase classname="Test_Scripts.Test_Script_5_Test" name="testacript" time="18.613"/>
  <testcase classname="Test_Scripts.Test_Script_2_Test" name="testacript" time="31.441"/>
</testsuite> <!-- Test -->
