<?xml version="1.0" encoding="UTF-8"?>
<testng-results ignored="0" total="5" passed="5" failed="0" skipped="0">
  <reporter-output>
  </reporter-output>
  <suite started-at="2022-12-07T15:57:58 IST" name="Suite" finished-at="2022-12-07T15:59:50 IST" duration-ms="111911">
    <groups>
    </groups>
    <test started-at="2022-12-07T15:57:58 IST" name="Test" finished-at="2022-12-07T15:59:50 IST" duration-ms="111911">
      <class name="Test_Scripts.Test_Script_3_Test">
        <test-method signature="testacript()[pri:0, instance:Test_Scripts.Test_Script_3_Test@1afd44cb]" started-at="2022-12-07T15:58:19 IST" name="testacript" finished-at="2022-12-07T15:58:30 IST" duration-ms="11041" status="PASS">
          <reporter-output>
          </reporter-output>
        </test-method> <!-- testacript -->
      </class> <!-- Test_Scripts.Test_Script_3_Test -->
      <class name="Test_Scripts.Test_Script_5_Test">
        <test-method signature="testacript()[pri:0, instance:Test_Scripts.Test_Script_5_Test@1ab3a8c8]" started-at="2022-12-07T15:59:00 IST" name="testacript" finished-at="2022-12-07T15:59:19 IST" duration-ms="18613" status="PASS">
          <reporter-output>
          </reporter-output>
        </test-method> <!-- testacript -->
      </class> <!-- Test_Scripts.Test_Script_5_Test -->
      <class name="Test_Scripts.Test_Script_4_Test">
        <test-method signature="testacript()[pri:0, instance:Test_Scripts.Test_Script_4_Test@6973b51b]" started-at="2022-12-07T15:58:30 IST" name="testacript" finished-at="2022-12-07T15:59:00 IST" duration-ms="29813" status="PASS">
          <reporter-output>
          </reporter-output>
        </test-method> <!-- testacript -->
      </class> <!-- Test_Scripts.Test_Script_4_Test -->
      <class name="Test_Scripts.Test_Script_1_Test">
        <test-method signature="testacript()[pri:0, instance:Test_Scripts.Test_Script_1_Test@243c4f91]" started-at="2022-12-07T15:57:58 IST" name="testacript" finished-at="2022-12-07T15:58:19 IST" duration-ms="20910" status="PASS">
          <reporter-output>
          </reporter-output>
        </test-method> <!-- testacript -->
      </class> <!-- Test_Scripts.Test_Script_1_Test -->
      <class name="Test_Scripts.Test_Script_2_Test">
        <test-method signature="testacript()[pri:0, instance:Test_Scripts.Test_Script_2_Test@43195e57]" started-at="2022-12-07T15:59:19 IST" name="testacript" finished-at="2022-12-07T15:59:50 IST" duration-ms="31441" status="PASS">
          <reporter-output>
          </reporter-output>
        </test-method> <!-- testacript -->
      </class> <!-- Test_Scripts.Test_Script_2_Test -->
    </test> <!-- Test -->
  </suite> <!-- Suite -->
</testng-results>
